[debug] [2017-11-19T11:54:47.989Z] ----------------------------------------------------------------------
[debug] [2017-11-19T11:54:47.991Z] Command:       /usr/bin/node /home/german/.node_modules/bin/firebase deploy --public=build/es6-unbundled
[debug] [2017-11-19T11:54:47.991Z] CLI Version:   3.15.2
[debug] [2017-11-19T11:54:47.992Z] Platform:      linux
[debug] [2017-11-19T11:54:47.992Z] Node Version:  v8.8.1
[debug] [2017-11-19T11:54:47.992Z] Time:          Sun Nov 19 2017 05:54:47 GMT-0600 (CST)
[debug] [2017-11-19T11:54:47.992Z] ----------------------------------------------------------------------
[debug] 
[debug] [2017-11-19T11:54:48.005Z] > command requires scopes: ["email","openid","https://www.googleapis.com/auth/cloudplatformprojects.readonly","https://www.googleapis.com/auth/firebase","https://www.googleapis.com/auth/cloud-platform"]
[debug] [2017-11-19T11:54:48.005Z] > authorizing via signed-in user
[debug] [2017-11-19T11:54:48.007Z] > refreshing access token with scopes: ["email","https://www.googleapis.com/auth/cloud-platform","https://www.googleapis.com/auth/cloudplatformprojects.readonly","https://www.googleapis.com/auth/firebase","openid"]
[debug] [2017-11-19T11:54:48.008Z] >>> HTTP REQUEST POST https://www.googleapis.com/oauth2/v3/token { refresh_token: '1/g31v0RdbPjRtrXIwTAunPLOc04iJeudb9mcqrv_9Y1s',
  client_id: '563584335869-fgrhgmd47bqnekij5i8b5pr03ho849e6.apps.googleusercontent.com',
  client_secret: 'j9iVZfS8kkCEFUPaAeJV0sAi',
  grant_type: 'refresh_token',
  scope: 'email https://www.googleapis.com/auth/cloud-platform https://www.googleapis.com/auth/cloudplatformprojects.readonly https://www.googleapis.com/auth/firebase openid' } 
 Sun Nov 19 2017 05:54:48 GMT-0600 (CST)
[debug] [2017-11-19T11:54:48.435Z] <<< HTTP RESPONSE 200
[debug] [2017-11-19T11:54:48.441Z] >>> HTTP REQUEST GET https://admin.firebase.com/v1/projects/lazme-9d30d  
 Sun Nov 19 2017 05:54:48 GMT-0600 (CST)
[debug] [2017-11-19T11:54:49.239Z] <<< HTTP RESPONSE 200
[debug] [2017-11-19T11:54:49.241Z] >>> HTTP REQUEST GET https://admin.firebase.com/v1/database/lazme-9d30d/tokens  
 Sun Nov 19 2017 05:54:49 GMT-0600 (CST)
[debug] [2017-11-19T11:54:49.955Z] <<< HTTP RESPONSE 200
